<?xml version="1.0" encoding="UTF-8"?>
<!-- Generated by org.testng.reporters.JUnitReportReporter -->
<testsuite hostname="TBSLT00102" name="testcase.contactus_query" tests="1" failures="0" timestamp="1 Nov 2017 06:53:47 GMT" time="6.907" errors="0">
  <testcase name="submitQuery" time="6.907" classname="testcase.contactus_query"/>
</testsuite> <!-- testcase.contactus_query -->
