<?xml version="1.0" encoding="UTF-8"?>
<!-- Generated by org.testng.reporters.JUnitReportReporter -->
<testsuite hostname="TBSLT00102" name="testcase.Registeration" tests="3" failures="0" timestamp="1 Nov 2017 06:53:47 GMT" time="34.281" errors="0">
  <testcase name="Login" time="15.435" classname="testcase.Registeration"/>
  <testcase name="user_Registeration" time="12.994" classname="testcase.Registeration"/>
  <testcase name="logout" time="5.852" classname="testcase.Registeration"/>
</testsuite> <!-- testcase.Registeration -->
