<?xml version="1.0" encoding="UTF-8"?>
<!-- Generated by org.testng.reporters.JUnitReportReporter -->
<testsuite hostname="TBSLT00102" name="RND.FindBrokenLinks" tests="1" failures="0" timestamp="30 Oct 2017 10:18:33 GMT" time="54.251" errors="0">
  <testcase name="testLinks" time="54.251" classname="RND.FindBrokenLinks"/>
</testsuite> <!-- RND.FindBrokenLinks -->
