<?xml version="1.0" encoding="UTF-8"?>
<!-- Generated by org.testng.reporters.JUnitReportReporter -->
<testsuite hostname="TBSLT00102" name="testcase.Magic_Resume_India" tests="9" failures="0" timestamp="11 Sep 2017 05:27:37 GMT" time="31.705" errors="0">
  <testcase name="Click_MR_Internation_SeniorLevel_Tab" time="1.978" classname="testcase.Magic_Resume_India"/>
  <testcase name="Click_MR_India_MidLevel_Tab" time="1.915" classname="testcase.Magic_Resume_India"/>
  <testcase name="click_MR_Internation_Button" time="1.864" classname="testcase.Magic_Resume_India"/>
  <testcase name="Click_MR_India_SeniorLevel_Tab" time="1.575" classname="testcase.Magic_Resume_India"/>
  <testcase name="Click_MR_Internation_MidLevel_Tab" time="3.500" classname="testcase.Magic_Resume_India"/>
  <testcase name="click_MR_India_Button" time="7.006" classname="testcase.Magic_Resume_India"/>
  <testcase name="Click_MR_India_EntryLevel_Tab" time="1.728" classname="testcase.Magic_Resume_India"/>
  <testcase name="Click_MR_Internation_EntryLevel_Tab" time="3.213" classname="testcase.Magic_Resume_India"/>
  <testcase name="Click_body_Improve_resume_Link" time="8.926" classname="testcase.Magic_Resume_India"/>
</testsuite> <!-- testcase.Magic_Resume_India -->
